This is pdfTeX, Version 3.14159265-2.6-1.40.15 (TeX Live 2014/W32TeX) (preloaded format=latex 2014.8.28)  17 JUL 2015 01:25
entering extended mode
 restricted \write18 enabled.
 %&-line parsing enabled.
**./subfigure.ins
(./subfigure.ins
LaTeX2e <2014/05/01>
Babel <3.9k> and hyphenation patterns for 79 languages loaded.
(c:/w32tex/share/texmf-dist/tex/latex/base/docstrip.tex
\blockLevel=\count79
\emptyLines=\count80
\processedLines=\count81
\commentsRemoved=\count82
\commentsPassed=\count83
\codeLinesPassed=\count84
\TotalprocessedLines=\count85
\TotalcommentsRemoved=\count86
\TotalcommentsPassed=\count87
\TotalcodeLinesPassed=\count88
\NumberOfFiles=\count89
\inFile=\read1
\inputcheck=\read2
\off@0=\count90
\off@1=\count91
\off@2=\count92
\off@3=\count93
\off@4=\count94
\off@5=\count95
\off@6=\count96
\off@7=\count97
\off@8=\count98
\off@9=\count99
\off@10=\count100
\off@11=\count101
\off@12=\count102
\off@13=\count103
\off@14=\count104
\off@15=\count105
\@maxfiles=\count106
\@maxoutfiles=\count107

Utility: `docstrip' 2.5d <2005/07/29>
English documentation    <2014/04/19>

**********************************************************
* This program converts documented macro-files into fast *
* loadable files by stripping off (nearly) all comments! *
**********************************************************

********************************************************
* No Configuration file found, using default settings. *
********************************************************

(./subfigure.ins

Generating file(s) ./ltxdoc.cfg 
\openout0 = `./ltxdoc.cfg'.


Processing file subfigure.dtx (ltxdoc) -> ltxdoc.cfg
File subfigure.dtx ended by \endinput.
Lines  processed: 3939
Comments removed: 3522
Comments  passed: 26
Codelines passed: 383


Generating file(s) ./subfigure.cfg 
\openout0 = `./subfigure.cfg'.


Processing file subfigure.dtx (newconf) -> subfigure.cfg
File subfigure.dtx ended by \endinput.
Lines  processed: 3939
Comments removed: 3522
Comments  passed: 26
Codelines passed: 383


Generating file(s) ./subfigure.sty 
\openout0 = `./subfigure.sty'.


Processing file subfigure.dtx (package) -> subfigure.sty
File subfigure.dtx ended by \endinput.
Lines  processed: 3939
Comments removed: 3522
Comments  passed: 26
Codelines passed: 383

***********************************************************
* To finish the installation you have to move the file
* `subfigure.sty' into a directory searched by TeX.
*
* To have the newer look-and-feel (but with different
* spacing than the old version) move the file
* `subfigure.cfg' into a directory searched by TeX.
*
* To produce the documentation run the file `subfigure.dtx'
* through LaTeX.
***********************************************************
)
Overall statistics:
Files  processed: 3
Lines  processed: 11817
Comments removed: 10566
Comments  passed: 78
Codelines passed: 1149
 ) ) 
Here is how much of TeX's memory you used:
 336 strings out of 493109
 3467 string characters out of 6137112
 58393 words of memory out of 5000000
 3890 multiletter control sequences out of 15000+600000
 3640 words of font info for 14 fonts, out of 8000000 for 9000
 1141 hyphenation exceptions out of 8191
 16i,0n,18p,220b,130s stack positions out of 5000i,500n,10000p,500000b,80000s

No pages of output.
