This is pdfTeX, Version 3.14159265-2.6-1.40.15 (TeX Live 2014/W32TeX) (preloaded format=latex 2014.8.28)  12 JUL 2015 09:59
entering extended mode
 restricted \write18 enabled.
 %&-line parsing enabled.
**./lstdrvrs.ins
(./lstdrvrs.ins
LaTeX2e <2014/05/01>
Babel <3.9k> and hyphenation patterns for 79 languages loaded.
(c:/w32tex/share/texmf-dist/tex/latex/base/docstrip.tex
\blockLevel=\count79
\emptyLines=\count80
\processedLines=\count81
\commentsRemoved=\count82
\commentsPassed=\count83
\codeLinesPassed=\count84
\TotalprocessedLines=\count85
\TotalcommentsRemoved=\count86
\TotalcommentsPassed=\count87
\TotalcodeLinesPassed=\count88
\NumberOfFiles=\count89
\inFile=\read1
\inputcheck=\read2
\off@0=\count90
\off@1=\count91
\off@2=\count92
\off@3=\count93
\off@4=\count94
\off@5=\count95
\off@6=\count96
\off@7=\count97
\off@8=\count98
\off@9=\count99
\off@10=\count100
\off@11=\count101
\off@12=\count102
\off@13=\count103
\off@14=\count104
\off@15=\count105
\@maxfiles=\count106
\@maxoutfiles=\count107

Utility: `docstrip' 2.5d <2005/07/29>
English documentation    <2014/04/19>

**********************************************************
* This program converts documented macro-files into fast *
* loadable files by stripping off (nearly) all comments! *
**********************************************************

********************************************************
* No Configuration file found, using default settings. *
********************************************************

) File ./lstlang1.sty already exists on the system.
Overwrite it? [y/n]
\answer=n

By default you will be asked this question for every file.
If you enter `y' now,
I will asssume `y' for all future questions
without prompting.
\noprompt=no
Not generating file ./lstlang1.sty

File ./lstlang2.sty already exists on the system.
Overwrite it? [y/n]
\answer=n
Not generating file ./lstlang2.sty

File ./lstlang3.sty already exists on the system.
Overwrite it? [y/n]
\answer=n
Not generating file ./lstlang3.sty

File ./listings-acm.prf already exists on the system.
Overwrite it? [y/n]
\answer=n
Not generating file ./listings-acm.prf

File ./listings-bash.prf already exists on the system.
Overwrite it? [y/n]
\answer=n
Not generating file ./listings-bash.prf

File ./listings-fortran.prf already exists on the system.
Overwrite it? [y/n]
\answer=n
Not generating file ./listings-fortran.prf

File ./listings-lua.prf already exists on the system.
Overwrite it? [y/n]
\answer=n
Not generating file ./listings-lua.prf

File ./listings-python.prf already exists on the system.
Overwrite it? [y/n]
\answer=
Not generating file ./listings-python.prf

*
* You probably need to move all created `.sty' and `.cfg'
* files into a directory searched by TeX.
*
* Run `lstdrvrs.dtx' through LaTeX2e to get the documentation.
*
 ) 
Here is how much of TeX's memory you used:
 299 strings out of 493109
 3098 string characters out of 6137112
 56356 words of memory out of 5000000
 3848 multiletter control sequences out of 15000+600000
 3640 words of font info for 14 fonts, out of 8000000 for 9000
 1141 hyphenation exceptions out of 8191
 10i,0n,9p,105b,21s stack positions out of 5000i,500n,10000p,500000b,80000s

No pages of output.
