This is pdfTeX, Version 3.14159265-2.6-1.40.15 (TeX Live 2014/W32TeX) (preloaded format=latex 2014.8.28)  5 SEP 2014 14:08
entering extended mode
 restricted \write18 enabled.
 %&-line parsing enabled.
**./geometry.ins
(./geometry.ins
LaTeX2e <2014/05/01>
Babel <3.9k> and hyphenation patterns for 79 languages loaded.
(c:/w32tex/share/texmf-dist/tex/latex/base/docstrip.tex
\blockLevel=\count79
\emptyLines=\count80
\processedLines=\count81
\commentsRemoved=\count82
\commentsPassed=\count83
\codeLinesPassed=\count84
\TotalprocessedLines=\count85
\TotalcommentsRemoved=\count86
\TotalcommentsPassed=\count87
\TotalcodeLinesPassed=\count88
\NumberOfFiles=\count89
\inFile=\read1
\inputcheck=\read2
\off@0=\count90
\off@1=\count91
\off@2=\count92
\off@3=\count93
\off@4=\count94
\off@5=\count95
\off@6=\count96
\off@7=\count97
\off@8=\count98
\off@9=\count99
\off@10=\count100
\off@11=\count101
\off@12=\count102
\off@13=\count103
\off@14=\count104
\off@15=\count105
\@maxfiles=\count106
\@maxoutfiles=\count107

Utility: `docstrip' 2.5d <2005/07/29>
English documentation    <2014/04/19>

**********************************************************
* This program converts documented macro-files into fast *
* loadable files by stripping off (nearly) all comments! *
**********************************************************

********************************************************
* No Configuration file found, using default settings. *
********************************************************

)
************************************************************************
* Installation
* Package: geometry 2010/09/12 v5.6 Page Geometry
************************************************************************

Generating file(s) ./geometry.ins ./geometry.drv ./geometry.sty ./geometry.cfg 
./geometry-samples.tex 
\openout0 = `./geometry.ins'.

\openout1 = `./geometry.drv'.

\openout2 = `./geometry.sty'.

\openout3 = `./geometry.cfg'.

\openout4 = `./geometry-samples.tex'.


Processing file geometry.dtx (install) -> geometry.ins
                             (driver) -> geometry.drv
                             (package) -> geometry.sty
                             (config) -> geometry.cfg
                             (samples) -> geometry-samples.tex
File geometry.dtx ended by \endinput.
Lines  processed: 3788
Comments removed: 2594
Comments  passed: 0
Codelines passed: 1175

************************************************************************
*
* To finish the installation you have to move the following
* file into a directory searched by LaTeX:
*
*    geometry.sty
*
* To produce the documentation run the file `geometry.drv'
* through LaTeX.
*
* Happy TeXing!
*
************************************************************************
 ) 
Here is how much of TeX's memory you used:
 349 strings out of 493109
 3695 string characters out of 6137112
 58476 words of memory out of 5000000
 3904 multiletter control sequences out of 15000+600000
 3640 words of font info for 14 fonts, out of 8000000 for 9000
 1141 hyphenation exceptions out of 8191
 13i,0n,15p,109b,172s stack positions out of 5000i,500n,10000p,500000b,80000s

No pages of output.
